0 info it worked if it ends with ok
1 verbose cli [ '/usr/bin/nodejs', '/usr/bin/npm', 'start' ]
2 info using npm@3.5.2
3 info using node@v4.2.6
4 verbose run-script [ 'prestart', 'start', 'poststart' ]
5 info lifecycle trail-tracker-frontend@0.1.0~prestart: trail-tracker-frontend@0.1.0
6 verbose lifecycle trail-tracker-frontend@0.1.0~prestart: unsafe-perm in lifecycle true
7 verbose lifecycle trail-tracker-frontend@0.1.0~prestart: PATH: /usr/share/npm/bin/node-gyp-bin:/media/vargha/My Data/Education/WSU/03 - Fall 2017/CS-483 Web Data/Assignments/Assignment 03/trail-tracker-final-upload/code-and-database/trail-tracker-frontend/node_modules/.bin:/usr/local/sbin:/usr/local/bin:/usr/sbin:/usr/bin:/sbin:/bin:/snap/bin
8 verbose lifecycle trail-tracker-frontend@0.1.0~prestart: CWD: /media/vargha/My Data/Education/WSU/03 - Fall 2017/CS-483 Web Data/Assignments/Assignment 03/trail-tracker-final-upload/code-and-database/trail-tracker-frontend
9 silly lifecycle trail-tracker-frontend@0.1.0~prestart: Args: [ '-c', 'gulp setup; gulp setup:watch &' ]
10 silly lifecycle trail-tracker-frontend@0.1.0~prestart: Returned: code: 0  signal: null
11 info lifecycle trail-tracker-frontend@0.1.0~start: trail-tracker-frontend@0.1.0
12 verbose lifecycle trail-tracker-frontend@0.1.0~start: unsafe-perm in lifecycle true
13 verbose lifecycle trail-tracker-frontend@0.1.0~start: PATH: /usr/share/npm/bin/node-gyp-bin:/media/vargha/My Data/Education/WSU/03 - Fall 2017/CS-483 Web Data/Assignments/Assignment 03/trail-tracker-final-upload/code-and-database/trail-tracker-frontend/node_modules/.bin:/usr/local/sbin:/usr/local/bin:/usr/sbin:/usr/bin:/sbin:/bin:/snap/bin
14 verbose lifecycle trail-tracker-frontend@0.1.0~start: CWD: /media/vargha/My Data/Education/WSU/03 - Fall 2017/CS-483 Web Data/Assignments/Assignment 03/trail-tracker-final-upload/code-and-database/trail-tracker-frontend
15 silly lifecycle trail-tracker-frontend@0.1.0~start: Args: [ '-c', 'react-scripts-ts start' ]
16 silly lifecycle trail-tracker-frontend@0.1.0~start: Returned: code: 1  signal: null
17 info lifecycle trail-tracker-frontend@0.1.0~start: Failed to exec start script
18 verbose stack Error: trail-tracker-frontend@0.1.0 start: `react-scripts-ts start`
18 verbose stack Exit status 1
18 verbose stack     at EventEmitter.<anonymous> (/usr/share/npm/lib/utils/lifecycle.js:232:16)
18 verbose stack     at emitTwo (events.js:87:13)
18 verbose stack     at EventEmitter.emit (events.js:172:7)
18 verbose stack     at ChildProcess.<anonymous> (/usr/share/npm/lib/utils/spawn.js:24:14)
18 verbose stack     at emitTwo (events.js:87:13)
18 verbose stack     at ChildProcess.emit (events.js:172:7)
18 verbose stack     at maybeClose (internal/child_process.js:821:16)
18 verbose stack     at Process.ChildProcess._handle.onexit (internal/child_process.js:211:5)
19 verbose pkgid trail-tracker-frontend@0.1.0
20 verbose cwd /media/vargha/My Data/Education/WSU/03 - Fall 2017/CS-483 Web Data/Assignments/Assignment 03/trail-tracker-final-upload/code-and-database/trail-tracker-frontend
21 error Linux 4.10.0-42-generic
22 error argv "/usr/bin/nodejs" "/usr/bin/npm" "start"
23 error node v4.2.6
24 error npm  v3.5.2
25 error code ELIFECYCLE
26 error trail-tracker-frontend@0.1.0 start: `react-scripts-ts start`
26 error Exit status 1
27 error Failed at the trail-tracker-frontend@0.1.0 start script 'react-scripts-ts start'.
27 error Make sure you have the latest version of node.js and npm installed.
27 error If you do, this is most likely a problem with the trail-tracker-frontend package,
27 error not with npm itself.
27 error Tell the author that this fails on your system:
27 error     react-scripts-ts start
27 error You can get information on how to open an issue for this project with:
27 error     npm bugs trail-tracker-frontend
27 error Or if that isn't available, you can get their info via:
27 error     npm owner ls trail-tracker-frontend
27 error There is likely additional logging output above.
28 verbose exit [ 1, true ]
